[debug] [2022-09-25T05:01:39.600Z] ----------------------------------------------------------------------
[debug] [2022-09-25T05:01:39.602Z] Command:       /Users/cristianfranco/.nvm/versions/node/v14.19.1/bin/node /Users/cristianfranco/.nvm/versions/node/v14.19.1/bin/firebase deploy
[debug] [2022-09-25T05:01:39.603Z] CLI Version:   10.6.0
[debug] [2022-09-25T05:01:39.603Z] Platform:      darwin
[debug] [2022-09-25T05:01:39.603Z] Node Version:  v14.19.1
[debug] [2022-09-25T05:01:39.607Z] Time:          Sun Sep 25 2022 00:01:39 GMT-0500 (Colombia Standard Time)
[debug] [2022-09-25T05:01:39.607Z] ----------------------------------------------------------------------
[debug] 
[debug] [2022-09-25T05:01:39.666Z] > command requires scopes: ["email","openid","https://www.googleapis.com/auth/cloudplatformprojects.readonly","https://www.googleapis.com/auth/firebase","https://www.googleapis.com/auth/cloud-platform"]
[debug] [2022-09-25T05:01:39.667Z] > authorizing via signed-in user (cfrancobedoya@gmail.com)
[debug] [2022-09-25T05:01:39.667Z] [iam] checking project mall-2023 for permissions ["cloudfunctions.functions.create","cloudfunctions.functions.delete","cloudfunctions.functions.get","cloudfunctions.functions.list","cloudfunctions.functions.update","cloudfunctions.operations.get","firebase.projects.get","firebasehosting.sites.update"]
[debug] [2022-09-25T05:01:39.668Z] > refreshing access token with scopes: []
[debug] [2022-09-25T05:01:39.668Z] >>> HTTP REQUEST POST https://www.googleapis.com/oauth2/v3/token  
 <request body omitted>
[debug] [2022-09-25T05:01:39.937Z] <<< HTTP RESPONSE 200 {"pragma":"no-cache","cache-control":"no-cache, no-store, max-age=0, must-revalidate","date":"Sun, 25 Sep 2022 05:01:39 GMT","expires":"Mon, 01 Jan 1990 00:00:00 GMT","content-type":"application/json; charset=utf-8","vary":"X-Origin, Referer, Origin,Accept-Encoding","server":"scaffolding on HTTPServer2","x-xss-protection":"0","x-frame-options":"SAMEORIGIN","x-content-type-options":"nosniff","alt-svc":"h3=\":443\"; ma=2592000,h3-29=\":443\"; ma=2592000,h3-Q050=\":443\"; ma=2592000,h3-Q046=\":443\"; ma=2592000,h3-Q043=\":443\"; ma=2592000,quic=\":443\"; ma=2592000; v=\"46,43\"","accept-ranges":"none","transfer-encoding":"chunked"}
[debug] [2022-09-25T05:01:39.988Z] >>> [apiv2][query] POST https://cloudresourcemanager.googleapis.com/v1/projects/mall-2023:testIamPermissions [none]
[debug] [2022-09-25T05:01:39.988Z] >>> [apiv2][body] POST https://cloudresourcemanager.googleapis.com/v1/projects/mall-2023:testIamPermissions {"permissions":["cloudfunctions.functions.create","cloudfunctions.functions.delete","cloudfunctions.functions.get","cloudfunctions.functions.list","cloudfunctions.functions.update","cloudfunctions.operations.get","firebase.projects.get","firebasehosting.sites.update"]}
[debug] [2022-09-25T05:01:40.518Z] <<< [apiv2][status] POST https://cloudresourcemanager.googleapis.com/v1/projects/mall-2023:testIamPermissions 200
[debug] [2022-09-25T05:01:40.519Z] <<< [apiv2][body] POST https://cloudresourcemanager.googleapis.com/v1/projects/mall-2023:testIamPermissions {"permissions":["cloudfunctions.functions.create","cloudfunctions.functions.delete","cloudfunctions.functions.get","cloudfunctions.functions.list","cloudfunctions.functions.update","cloudfunctions.operations.get","firebase.projects.get","firebasehosting.sites.update"]}
[debug] [2022-09-25T05:01:40.519Z] >>> [apiv2][query] POST https://iam.googleapis.com/v1/projects/mall-2023/serviceAccounts/mall-2023@appspot.gserviceaccount.com:testIamPermissions [none]
[debug] [2022-09-25T05:01:40.520Z] >>> [apiv2][body] POST https://iam.googleapis.com/v1/projects/mall-2023/serviceAccounts/mall-2023@appspot.gserviceaccount.com:testIamPermissions {"permissions":["iam.serviceAccounts.actAs"]}
[debug] [2022-09-25T05:01:41.103Z] <<< [apiv2][status] POST https://iam.googleapis.com/v1/projects/mall-2023/serviceAccounts/mall-2023@appspot.gserviceaccount.com:testIamPermissions 200
[debug] [2022-09-25T05:01:41.103Z] <<< [apiv2][body] POST https://iam.googleapis.com/v1/projects/mall-2023/serviceAccounts/mall-2023@appspot.gserviceaccount.com:testIamPermissions {"permissions":["iam.serviceAccounts.actAs"]}
[debug] [2022-09-25T05:01:41.104Z] >>> [apiv2][query] GET https://firebase.googleapis.com/v1beta1/projects/mall-2023 [none]
[debug] [2022-09-25T05:01:41.548Z] <<< [apiv2][status] GET https://firebase.googleapis.com/v1beta1/projects/mall-2023 200
[debug] [2022-09-25T05:01:41.549Z] <<< [apiv2][body] GET https://firebase.googleapis.com/v1beta1/projects/mall-2023 {"projectId":"mall-2023","projectNumber":"68977830436","displayName":"mall-2023","name":"projects/mall-2023","resources":{"hostingSite":"mall-2023","storageBucket":"mall-2023.appspot.com","locationId":"us-central"},"state":"ACTIVE","etag":"1_3ef88cec-a221-4068-99e9-49aa5746995a"}
[info] 
[info] === Deploying to 'mall-2023'...
[info] 
[info] i  deploying functions, hosting 
[info] Running command: npm install --global yarn
[info] Running command: yarn install
[info] Running command: yarn build
